

Version:	3.50
CmdLine:	C:\Users\mrs_a\OneDrive\Documentos\NetBeansProjects\IndicadorEficiencia\IndicadorEficiencia\IndicadorEficiencia.exe --l4j-debug
JNI:		No
WOW64:		Yes
Working dir:	C:\Users\mrs_a\OneDrive\Documentos\NetBeansProjects\IndicadorEficiencia\IndicadorEficiencia\.
Requires JDK:	Yes
Requires 64-Bit: Yes
Java min ver:	1.008.000
Java max ver:	
Substitute:	JAVA_HOME = C:\Program Files\BellSoft\LibericaJDK-23\
Substitute:	PATH = C:\Program Files (x86)\Common Files\Oracle\Java\java8path;C:\Program Files (x86)\Common Files\Oracle\Java\javapath;C:\Program Files\BellSoft\LibericaJDK-23\bin\;C:\Program Files\Java\jdk-1.8\bin;C:\WINDOWS\system32;C:\WINDOWS;C:\WINDOWS\System32\Wbem;C:\WINDOWS\System32\WindowsPowerShell\v1.0\;C:\WINDOWS\System32\OpenSSH\;C:\Program Files\NVIDIA Corporation\NVIDIA app\NvDLISR;C:\Program Files (x86)\NVIDIA Corporation\PhysX\Common;C:\Program Files\Microsoft SQL Server\150\Tools\Binn\;C:\Program Files\Microsoft SQL Server\Client SDK\ODBC\170\Tools\Binn\;C:\Program Files\dotnet\;C:\Program Files (x86)\Windows Kits\10\Windows Performance Toolkit\;C:\Program Files\MySQL\MySQL Shell 8.0\bin\;C:\Users\mrs_a\AppData\Local\Microsoft\WindowsApps;C:\Users\mrs_a\AppData\Local\GitHubDesktop\bin;C:\Users\mrs_a\.dotnet\tools;C:\Program Files\BellSoft\LibericaJDK-23\\bin
JRE paths:	C:\Program Files\BellSoft\LibericaJDK-23\;C:\Program Files (x86)\Common Files\Oracle\Java\java8path;C:\Program Files (x86)\Common Files\Oracle\Java\javapath;C:\Program Files\BellSoft\LibericaJDK-23\bin\;C:\Program Files\Java\jdk-1.8\bin;C:\WINDOWS\system32;C:\WINDOWS;C:\WINDOWS\System32\Wbem;C:\WINDOWS\System32\WindowsPowerShell\v1.0\;C:\WINDOWS\System32\OpenSSH\;C:\Program Files\NVIDIA Corporation\NVIDIA app\NvDLISR;C:\Program Files (x86)\NVIDIA Corporation\PhysX\Common;C:\Program Files\Microsoft SQL Server\150\Tools\Binn\;C:\Program Files\Microsoft SQL Server\Client SDK\ODBC\170\Tools\Binn\;C:\Program Files\dotnet\;C:\Program Files (x86)\Windows Kits\10\Windows Performance Toolkit\;C:\Program Files\MySQL\MySQL Shell 8.0\bin\;C:\Users\mrs_a\AppData\Local\Microsoft\WindowsApps;C:\Users\mrs_a\AppData\Local\GitHubDesktop\bin;C:\Users\mrs_a\.dotnet\tools;C:\Program Files\BellSoft\LibericaJDK-23\\bin
Check launcher:	C:\Program Files\BellSoft\LibericaJDK-23\bin\javaw.exe (OK)
Check javac:	C:\Program Files\BellSoft\LibericaJDK-23\bin\javac.exe (OK)
Version string: 1.023.000_002 / 64-Bit (OK)
Launcher:	C:\Program Files\BellSoft\LibericaJDK-23\bin\javaw.exe
Launcher args:	-jar "C:\Users\mrs_a\OneDrive\Documentos\NetBeansProjects\IndicadorEficiencia\IndicadorEficiencia\IndicadorEficiencia.exe"
Args length:	122/32768 chars
Exit code:	0


Version:	3.50
CmdLine:	C:\Users\mrs_a\OneDrive\Documentos\NetBeansProjects\IndicadorEficiencia\IndicadorEficiencia\IndicadorEficiencia.exe --l4j-debug
JNI:		No
WOW64:		Yes
Working dir:	C:\Users\mrs_a\OneDrive\Documentos\NetBeansProjects\IndicadorEficiencia\IndicadorEficiencia\.
Requires JDK:	Yes
Requires 64-Bit: Yes
Java min ver:	1.008.000
Java max ver:	
Substitute:	JAVA_HOME = C:\Program Files\BellSoft\LibericaJDK-23\
Substitute:	PATH = C:\Program Files (x86)\Common Files\Oracle\Java\java8path;C:\Program Files (x86)\Common Files\Oracle\Java\javapath;C:\Program Files\BellSoft\LibericaJDK-23\bin\;C:\Program Files\Java\jdk-1.8\bin;C:\WINDOWS\system32;C:\WINDOWS;C:\WINDOWS\System32\Wbem;C:\WINDOWS\System32\WindowsPowerShell\v1.0\;C:\WINDOWS\System32\OpenSSH\;C:\Program Files\NVIDIA Corporation\NVIDIA app\NvDLISR;C:\Program Files (x86)\NVIDIA Corporation\PhysX\Common;C:\Program Files\Microsoft SQL Server\150\Tools\Binn\;C:\Program Files\Microsoft SQL Server\Client SDK\ODBC\170\Tools\Binn\;C:\Program Files\dotnet\;C:\Program Files (x86)\Windows Kits\10\Windows Performance Toolkit\;C:\Program Files\MySQL\MySQL Shell 8.0\bin\;C:\Users\mrs_a\AppData\Local\Microsoft\WindowsApps;C:\Users\mrs_a\AppData\Local\GitHubDesktop\bin;C:\Users\mrs_a\.dotnet\tools;C:\Program Files\BellSoft\LibericaJDK-23\\bin
JRE paths:	C:\Program Files\BellSoft\LibericaJDK-23\;C:\Program Files (x86)\Common Files\Oracle\Java\java8path;C:\Program Files (x86)\Common Files\Oracle\Java\javapath;C:\Program Files\BellSoft\LibericaJDK-23\bin\;C:\Program Files\Java\jdk-1.8\bin;C:\WINDOWS\system32;C:\WINDOWS;C:\WINDOWS\System32\Wbem;C:\WINDOWS\System32\WindowsPowerShell\v1.0\;C:\WINDOWS\System32\OpenSSH\;C:\Program Files\NVIDIA Corporation\NVIDIA app\NvDLISR;C:\Program Files (x86)\NVIDIA Corporation\PhysX\Common;C:\Program Files\Microsoft SQL Server\150\Tools\Binn\;C:\Program Files\Microsoft SQL Server\Client SDK\ODBC\170\Tools\Binn\;C:\Program Files\dotnet\;C:\Program Files (x86)\Windows Kits\10\Windows Performance Toolkit\;C:\Program Files\MySQL\MySQL Shell 8.0\bin\;C:\Users\mrs_a\AppData\Local\Microsoft\WindowsApps;C:\Users\mrs_a\AppData\Local\GitHubDesktop\bin;C:\Users\mrs_a\.dotnet\tools;C:\Program Files\BellSoft\LibericaJDK-23\\bin
Check launcher:	C:\Program Files\BellSoft\LibericaJDK-23\bin\javaw.exe (OK)
Check javac:	C:\Program Files\BellSoft\LibericaJDK-23\bin\javac.exe (OK)
Version string: 1.023.000_002 / 64-Bit (OK)
Launcher:	C:\Program Files\BellSoft\LibericaJDK-23\bin\javaw.exe
Launcher args:	-jar "C:\Users\mrs_a\OneDrive\Documentos\NetBeansProjects\IndicadorEficiencia\IndicadorEficiencia\IndicadorEficiencia.exe"
Args length:	122/32768 chars
Exit code:	0


Version:	3.50
CmdLine:	C:\Users\mrs_a\OneDrive\Documentos\NetBeansProjects\IndicadorEficiencia\IndicadorEficiencia\IndicadorEficiencia.exe --l4j-debug
JNI:		No
WOW64:		Yes
Working dir:	C:\Users\mrs_a\OneDrive\Documentos\NetBeansProjects\IndicadorEficiencia\IndicadorEficiencia\.
Requires JDK:	Yes
Requires 64-Bit: Yes
Java min ver:	1.008.000
Java max ver:	
Substitute:	JAVA_HOME = C:\Program Files\BellSoft\LibericaJDK-23\
Substitute:	PATH = C:\Program Files (x86)\Common Files\Oracle\Java\java8path;C:\Program Files (x86)\Common Files\Oracle\Java\javapath;C:\Program Files\BellSoft\LibericaJDK-23\bin\;C:\Program Files\Java\jdk-1.8\bin;C:\WINDOWS\system32;C:\WINDOWS;C:\WINDOWS\System32\Wbem;C:\WINDOWS\System32\WindowsPowerShell\v1.0\;C:\WINDOWS\System32\OpenSSH\;C:\Program Files\NVIDIA Corporation\NVIDIA app\NvDLISR;C:\Program Files (x86)\NVIDIA Corporation\PhysX\Common;C:\Program Files\Microsoft SQL Server\150\Tools\Binn\;C:\Program Files\Microsoft SQL Server\Client SDK\ODBC\170\Tools\Binn\;C:\Program Files\dotnet\;C:\Program Files (x86)\Windows Kits\10\Windows Performance Toolkit\;C:\Program Files\MySQL\MySQL Shell 8.0\bin\;C:\Users\mrs_a\AppData\Local\Microsoft\WindowsApps;C:\Users\mrs_a\AppData\Local\GitHubDesktop\bin;C:\Users\mrs_a\.dotnet\tools;C:\Program Files\BellSoft\LibericaJDK-23\\bin
JRE paths:	C:\Program Files\BellSoft\LibericaJDK-23\;C:\Program Files (x86)\Common Files\Oracle\Java\java8path;C:\Program Files (x86)\Common Files\Oracle\Java\javapath;C:\Program Files\BellSoft\LibericaJDK-23\bin\;C:\Program Files\Java\jdk-1.8\bin;C:\WINDOWS\system32;C:\WINDOWS;C:\WINDOWS\System32\Wbem;C:\WINDOWS\System32\WindowsPowerShell\v1.0\;C:\WINDOWS\System32\OpenSSH\;C:\Program Files\NVIDIA Corporation\NVIDIA app\NvDLISR;C:\Program Files (x86)\NVIDIA Corporation\PhysX\Common;C:\Program Files\Microsoft SQL Server\150\Tools\Binn\;C:\Program Files\Microsoft SQL Server\Client SDK\ODBC\170\Tools\Binn\;C:\Program Files\dotnet\;C:\Program Files (x86)\Windows Kits\10\Windows Performance Toolkit\;C:\Program Files\MySQL\MySQL Shell 8.0\bin\;C:\Users\mrs_a\AppData\Local\Microsoft\WindowsApps;C:\Users\mrs_a\AppData\Local\GitHubDesktop\bin;C:\Users\mrs_a\.dotnet\tools;C:\Program Files\BellSoft\LibericaJDK-23\\bin
Check launcher:	C:\Program Files\BellSoft\LibericaJDK-23\bin\javaw.exe (OK)
Check javac:	C:\Program Files\BellSoft\LibericaJDK-23\bin\javac.exe (OK)
Version string: 1.023.000_002 / 64-Bit (OK)
Launcher:	C:\Program Files\BellSoft\LibericaJDK-23\bin\javaw.exe
Launcher args:	-jar "C:\Users\mrs_a\OneDrive\Documentos\NetBeansProjects\IndicadorEficiencia\IndicadorEficiencia\IndicadorEficiencia.exe"
Args length:	122/32768 chars
Exit code:	0


Version:	3.50
CmdLine:	C:\Users\mrs_a\OneDrive\Documentos\NetBeansProjects\IndicadorEficiencia\IndicadorEficiencia\IndicadorEficiencia.exe --l4j-debug
JNI:		No
WOW64:		Yes
Working dir:	C:\Users\mrs_a\OneDrive\Documentos\NetBeansProjects\IndicadorEficiencia\IndicadorEficiencia\.
Requires JDK:	Yes
Requires 64-Bit: Yes
Java min ver:	1.008.000
Java max ver:	
Substitute:	JAVA_HOME = C:\Program Files\BellSoft\LibericaJDK-23\
Substitute:	PATH = C:\Program Files (x86)\Common Files\Oracle\Java\java8path;C:\Program Files (x86)\Common Files\Oracle\Java\javapath;C:\Program Files\BellSoft\LibericaJDK-23\bin\;C:\Program Files\Java\jdk-1.8\bin;C:\WINDOWS\system32;C:\WINDOWS;C:\WINDOWS\System32\Wbem;C:\WINDOWS\System32\WindowsPowerShell\v1.0\;C:\WINDOWS\System32\OpenSSH\;C:\Program Files\NVIDIA Corporation\NVIDIA app\NvDLISR;C:\Program Files (x86)\NVIDIA Corporation\PhysX\Common;C:\Program Files\Microsoft SQL Server\150\Tools\Binn\;C:\Program Files\Microsoft SQL Server\Client SDK\ODBC\170\Tools\Binn\;C:\Program Files\dotnet\;C:\Program Files (x86)\Windows Kits\10\Windows Performance Toolkit\;C:\Program Files\MySQL\MySQL Shell 8.0\bin\;C:\Users\mrs_a\AppData\Local\Microsoft\WindowsApps;C:\Users\mrs_a\AppData\Local\GitHubDesktop\bin;C:\Users\mrs_a\.dotnet\tools;C:\Program Files\BellSoft\LibericaJDK-23\\bin
JRE paths:	C:\Program Files\BellSoft\LibericaJDK-23\;C:\Program Files (x86)\Common Files\Oracle\Java\java8path;C:\Program Files (x86)\Common Files\Oracle\Java\javapath;C:\Program Files\BellSoft\LibericaJDK-23\bin\;C:\Program Files\Java\jdk-1.8\bin;C:\WINDOWS\system32;C:\WINDOWS;C:\WINDOWS\System32\Wbem;C:\WINDOWS\System32\WindowsPowerShell\v1.0\;C:\WINDOWS\System32\OpenSSH\;C:\Program Files\NVIDIA Corporation\NVIDIA app\NvDLISR;C:\Program Files (x86)\NVIDIA Corporation\PhysX\Common;C:\Program Files\Microsoft SQL Server\150\Tools\Binn\;C:\Program Files\Microsoft SQL Server\Client SDK\ODBC\170\Tools\Binn\;C:\Program Files\dotnet\;C:\Program Files (x86)\Windows Kits\10\Windows Performance Toolkit\;C:\Program Files\MySQL\MySQL Shell 8.0\bin\;C:\Users\mrs_a\AppData\Local\Microsoft\WindowsApps;C:\Users\mrs_a\AppData\Local\GitHubDesktop\bin;C:\Users\mrs_a\.dotnet\tools;C:\Program Files\BellSoft\LibericaJDK-23\\bin
Check launcher:	C:\Program Files\BellSoft\LibericaJDK-23\bin\javaw.exe (OK)
Check javac:	C:\Program Files\BellSoft\LibericaJDK-23\bin\javac.exe (OK)
Version string: 1.023.000_002 / 64-Bit (OK)
Launcher:	C:\Program Files\BellSoft\LibericaJDK-23\bin\javaw.exe
Launcher args:	-jar "C:\Users\mrs_a\OneDrive\Documentos\NetBeansProjects\IndicadorEficiencia\IndicadorEficiencia\IndicadorEficiencia.exe"
Args length:	122/32768 chars
Exit code:	0


Version:	3.50
CmdLine:	C:\Users\mrs_a\OneDrive\Documentos\NetBeansProjects\IndicadorEficiencia\IndicadorEficiencia\IndicadorEficiencia.exe --l4j-debug
JNI:		No
WOW64:		Yes
Working dir:	C:\Users\mrs_a\OneDrive\Documentos\NetBeansProjects\IndicadorEficiencia\IndicadorEficiencia\.
Requires JDK:	Yes
Requires 64-Bit: Yes
Java min ver:	1.008.000
Java max ver:	
Substitute:	JAVA_HOME = C:\Program Files\BellSoft\LibericaJDK-23\
Substitute:	PATH = C:\Program Files (x86)\Common Files\Oracle\Java\java8path;C:\Program Files (x86)\Common Files\Oracle\Java\javapath;C:\Program Files\BellSoft\LibericaJDK-23\bin\;C:\Program Files\Java\jdk-1.8\bin;C:\WINDOWS\system32;C:\WINDOWS;C:\WINDOWS\System32\Wbem;C:\WINDOWS\System32\WindowsPowerShell\v1.0\;C:\WINDOWS\System32\OpenSSH\;C:\Program Files\NVIDIA Corporation\NVIDIA app\NvDLISR;C:\Program Files (x86)\NVIDIA Corporation\PhysX\Common;C:\Program Files\Microsoft SQL Server\150\Tools\Binn\;C:\Program Files\Microsoft SQL Server\Client SDK\ODBC\170\Tools\Binn\;C:\Program Files\dotnet\;C:\Program Files (x86)\Windows Kits\10\Windows Performance Toolkit\;C:\Program Files\MySQL\MySQL Shell 8.0\bin\;C:\Users\mrs_a\AppData\Local\Microsoft\WindowsApps;C:\Users\mrs_a\AppData\Local\GitHubDesktop\bin;C:\Users\mrs_a\.dotnet\tools;C:\Program Files\BellSoft\LibericaJDK-23\\bin
JRE paths:	C:\Program Files\BellSoft\LibericaJDK-23\;C:\Program Files (x86)\Common Files\Oracle\Java\java8path;C:\Program Files (x86)\Common Files\Oracle\Java\javapath;C:\Program Files\BellSoft\LibericaJDK-23\bin\;C:\Program Files\Java\jdk-1.8\bin;C:\WINDOWS\system32;C:\WINDOWS;C:\WINDOWS\System32\Wbem;C:\WINDOWS\System32\WindowsPowerShell\v1.0\;C:\WINDOWS\System32\OpenSSH\;C:\Program Files\NVIDIA Corporation\NVIDIA app\NvDLISR;C:\Program Files (x86)\NVIDIA Corporation\PhysX\Common;C:\Program Files\Microsoft SQL Server\150\Tools\Binn\;C:\Program Files\Microsoft SQL Server\Client SDK\ODBC\170\Tools\Binn\;C:\Program Files\dotnet\;C:\Program Files (x86)\Windows Kits\10\Windows Performance Toolkit\;C:\Program Files\MySQL\MySQL Shell 8.0\bin\;C:\Users\mrs_a\AppData\Local\Microsoft\WindowsApps;C:\Users\mrs_a\AppData\Local\GitHubDesktop\bin;C:\Users\mrs_a\.dotnet\tools;C:\Program Files\BellSoft\LibericaJDK-23\\bin
Check launcher:	C:\Program Files\BellSoft\LibericaJDK-23\bin\javaw.exe (OK)
Check javac:	C:\Program Files\BellSoft\LibericaJDK-23\bin\javac.exe (OK)
Version string: 1.023.000_002 / 64-Bit (OK)
Launcher:	C:\Program Files\BellSoft\LibericaJDK-23\bin\javaw.exe
Launcher args:	-jar "C:\Users\mrs_a\OneDrive\Documentos\NetBeansProjects\IndicadorEficiencia\IndicadorEficiencia\IndicadorEficiencia.exe"
Args length:	122/32768 chars
Exit code:	0


Version:	3.50
CmdLine:	C:\Users\mrs_a\OneDrive\Documentos\NetBeansProjects\IndicadorEficiencia\IndicadorEficiencia\IndicadorEficiencia.exe --l4j-debug
JNI:		No
WOW64:		Yes
Working dir:	C:\Users\mrs_a\OneDrive\Documentos\NetBeansProjects\IndicadorEficiencia\IndicadorEficiencia\%EXE_DIR%
Requires JDK:	Yes
Requires 64-Bit: Yes
Java min ver:	1.008.000
Java max ver:	
Substitute:	JAVA_HOME = C:\Program Files\BellSoft\LibericaJDK-23\
Substitute:	PATH = C:\Program Files (x86)\Common Files\Oracle\Java\java8path;C:\Program Files (x86)\Common Files\Oracle\Java\javapath;C:\Program Files\BellSoft\LibericaJDK-23\bin\;C:\Program Files\Java\jdk-1.8\bin;C:\WINDOWS\system32;C:\WINDOWS;C:\WINDOWS\System32\Wbem;C:\WINDOWS\System32\WindowsPowerShell\v1.0\;C:\WINDOWS\System32\OpenSSH\;C:\Program Files\NVIDIA Corporation\NVIDIA app\NvDLISR;C:\Program Files (x86)\NVIDIA Corporation\PhysX\Common;C:\Program Files\Microsoft SQL Server\150\Tools\Binn\;C:\Program Files\Microsoft SQL Server\Client SDK\ODBC\170\Tools\Binn\;C:\Program Files\dotnet\;C:\Program Files (x86)\Windows Kits\10\Windows Performance Toolkit\;C:\Program Files\MySQL\MySQL Shell 8.0\bin\;C:\Users\mrs_a\AppData\Local\Microsoft\WindowsApps;C:\Users\mrs_a\AppData\Local\GitHubDesktop\bin;C:\Users\mrs_a\.dotnet\tools;C:\Program Files\BellSoft\LibericaJDK-23\\bin
JRE paths:	C:\Program Files\BellSoft\LibericaJDK-23\;C:\Program Files (x86)\Common Files\Oracle\Java\java8path;C:\Program Files (x86)\Common Files\Oracle\Java\javapath;C:\Program Files\BellSoft\LibericaJDK-23\bin\;C:\Program Files\Java\jdk-1.8\bin;C:\WINDOWS\system32;C:\WINDOWS;C:\WINDOWS\System32\Wbem;C:\WINDOWS\System32\WindowsPowerShell\v1.0\;C:\WINDOWS\System32\OpenSSH\;C:\Program Files\NVIDIA Corporation\NVIDIA app\NvDLISR;C:\Program Files (x86)\NVIDIA Corporation\PhysX\Common;C:\Program Files\Microsoft SQL Server\150\Tools\Binn\;C:\Program Files\Microsoft SQL Server\Client SDK\ODBC\170\Tools\Binn\;C:\Program Files\dotnet\;C:\Program Files (x86)\Windows Kits\10\Windows Performance Toolkit\;C:\Program Files\MySQL\MySQL Shell 8.0\bin\;C:\Users\mrs_a\AppData\Local\Microsoft\WindowsApps;C:\Users\mrs_a\AppData\Local\GitHubDesktop\bin;C:\Users\mrs_a\.dotnet\tools;C:\Program Files\BellSoft\LibericaJDK-23\\bin
Check launcher:	C:\Program Files\BellSoft\LibericaJDK-23\bin\javaw.exe (OK)
Check javac:	C:\Program Files\BellSoft\LibericaJDK-23\bin\javac.exe (OK)
Version string: 1.023.000_002 / 64-Bit (OK)
Launcher:	C:\Program Files\BellSoft\LibericaJDK-23\bin\javaw.exe
Launcher args:	-jar "C:\Users\mrs_a\OneDrive\Documentos\NetBeansProjects\IndicadorEficiencia\IndicadorEficiencia\IndicadorEficiencia.exe"
Args length:	122/32768 chars
Exit code:	0


Version:	3.50
CmdLine:	C:\Users\mrs_a\OneDrive\Documentos\NetBeansProjects\IndicadorEficiencia\IndicadorEficiencia\IndicadorEficiencia.exe --l4j-debug
JNI:		No
WOW64:		Yes
Working dir:	C:\Users\mrs_a\OneDrive\Documentos\NetBeansProjects\IndicadorEficiencia\IndicadorEficiencia\%EXE_DIR%
Requires JDK:	Yes
Requires 64-Bit: Yes
Java min ver:	1.008.000
Java max ver:	
Substitute:	JAVA_HOME = C:\Program Files\BellSoft\LibericaJDK-23\
Substitute:	PATH = C:\Program Files (x86)\Common Files\Oracle\Java\java8path;C:\Program Files (x86)\Common Files\Oracle\Java\javapath;C:\Program Files\BellSoft\LibericaJDK-23\bin\;C:\Program Files\Java\jdk-1.8\bin;C:\WINDOWS\system32;C:\WINDOWS;C:\WINDOWS\System32\Wbem;C:\WINDOWS\System32\WindowsPowerShell\v1.0\;C:\WINDOWS\System32\OpenSSH\;C:\Program Files\NVIDIA Corporation\NVIDIA app\NvDLISR;C:\Program Files (x86)\NVIDIA Corporation\PhysX\Common;C:\Program Files\Microsoft SQL Server\150\Tools\Binn\;C:\Program Files\Microsoft SQL Server\Client SDK\ODBC\170\Tools\Binn\;C:\Program Files\dotnet\;C:\Program Files (x86)\Windows Kits\10\Windows Performance Toolkit\;C:\Program Files\MySQL\MySQL Shell 8.0\bin\;C:\Users\mrs_a\AppData\Local\Microsoft\WindowsApps;C:\Users\mrs_a\AppData\Local\GitHubDesktop\bin;C:\Users\mrs_a\.dotnet\tools;C:\Program Files\BellSoft\LibericaJDK-23\\bin
JRE paths:	C:\Program Files\BellSoft\LibericaJDK-23\;C:\Program Files (x86)\Common Files\Oracle\Java\java8path;C:\Program Files (x86)\Common Files\Oracle\Java\javapath;C:\Program Files\BellSoft\LibericaJDK-23\bin\;C:\Program Files\Java\jdk-1.8\bin;C:\WINDOWS\system32;C:\WINDOWS;C:\WINDOWS\System32\Wbem;C:\WINDOWS\System32\WindowsPowerShell\v1.0\;C:\WINDOWS\System32\OpenSSH\;C:\Program Files\NVIDIA Corporation\NVIDIA app\NvDLISR;C:\Program Files (x86)\NVIDIA Corporation\PhysX\Common;C:\Program Files\Microsoft SQL Server\150\Tools\Binn\;C:\Program Files\Microsoft SQL Server\Client SDK\ODBC\170\Tools\Binn\;C:\Program Files\dotnet\;C:\Program Files (x86)\Windows Kits\10\Windows Performance Toolkit\;C:\Program Files\MySQL\MySQL Shell 8.0\bin\;C:\Users\mrs_a\AppData\Local\Microsoft\WindowsApps;C:\Users\mrs_a\AppData\Local\GitHubDesktop\bin;C:\Users\mrs_a\.dotnet\tools;C:\Program Files\BellSoft\LibericaJDK-23\\bin
Check launcher:	C:\Program Files\BellSoft\LibericaJDK-23\bin\javaw.exe (OK)
Check javac:	C:\Program Files\BellSoft\LibericaJDK-23\bin\javac.exe (OK)
Version string: 1.023.000_002 / 64-Bit (OK)
Launcher:	C:\Program Files\BellSoft\LibericaJDK-23\bin\javaw.exe
Launcher args:	-jar "C:\Users\mrs_a\OneDrive\Documentos\NetBeansProjects\IndicadorEficiencia\IndicadorEficiencia\IndicadorEficiencia.exe"
Args length:	122/32768 chars
Exit code:	0
